#
# There is insufficient memory for the Java Runtime Environment to continue.
# Native memory allocation (malloc) failed to allocate 1676176 bytes for Chunk::new
# Possible reasons:
#   The system is out of physical RAM or swap space
#   The process is running with CompressedOops enabled, and the Java Heap may be blocking the growth of the native heap
# Possible solutions:
#   Reduce memory load on the system
#   Increase physical memory or swap space
#   Check if swap backing store is full
#   Decrease Java heap size (-Xmx/-Xms)
#   Decrease number of Java threads
#   Decrease Java thread stack sizes (-Xss)
#   Set larger code cache with -XX:ReservedCodeCacheSize=
#   JVM is running with Unscaled Compressed Oops mode in which the Java heap is
#     placed in the first 4GB address space. The Java Heap base address is the
#     maximum limit for the native heap growth. Please use -XX:HeapBaseMinAddress
#     to set the Java Heap base and to place the Java Heap above 4GB virtual address.
# This output file may be truncated or incomplete.
#
#  Out of Memory Error (./src/hotspot/share/memory/arena.cpp:197), pid=10636, tid=12680
#
# JRE version: OpenJDK Runtime Environment (11.0.10) (build 11.0.10+0-b96-7249189)
# Java VM: OpenJDK 64-Bit Server VM (11.0.10+0-b96-7249189, mixed mode, tiered, compressed oops, g1 gc, windows-amd64)
# No core dump will be written. Minidumps are not enabled by default on client versions of Windows
#

---------------  S U M M A R Y ------------

Command Line: --add-opens=java.base/java.util=ALL-UNNAMED --add-opens=java.base/java.lang=ALL-UNNAMED --add-opens=java.base/java.lang.invoke=ALL-UNNAMED --add-opens=java.base/java.util=ALL-UNNAMED --add-opens=java.prefs/java.util.prefs=ALL-UNNAMED --add-opens=java.prefs/java.util.prefs=ALL-UNNAMED --add-opens=java.base/java.nio.charset=ALL-UNNAMED --add-opens=java.base/java.net=ALL-UNNAMED --add-opens=java.base/java.util.concurrent.atomic=ALL-UNNAMED -Xmx2048m -Dfile.encoding=UTF-8 -Duser.country=US -Duser.language=en -Duser.variant org.gradle.launcher.daemon.bootstrap.GradleDaemon 7.0.2

Host: Intel(R) Core(TM) i5-10210U CPU @ 1.60GHz, 8 cores, 7G,  Windows 10 , 64 bit Build 19041 (10.0.19041.1202)
Time: Sat Sep 25 07:59:20 2021 Eastern Daylight Time elapsed time: 16.953298 seconds (0d 0h 0m 16s)

---------------  T H R E A D  ---------------

Current thread (0x000001ef18fac800):  JavaThread "C2 CompilerThread1" daemon [_thread_in_native, id=12680, stack(0x000000d760a00000,0x000000d760b00000)]


Current CompileTask:
C2:  16953 8834       4       org.gradle.internal.snapshot.DirectorySnapshot$$Lambda$955/0x0000000100b00840::accept (20 bytes)

Stack: [0x000000d760a00000,0x000000d760b00000]
Native frames: (J=compiled Java code, j=interpreted, Vv=VM code, C=native code)
V  [jvm.dll+0x5ecfaa]
V  [jvm.dll+0x722bd5]
V  [jvm.dll+0x72412d]
V  [jvm.dll+0x7247e3]
V  [jvm.dll+0x242928]
V  [jvm.dll+0xbc4fc]
V  [jvm.dll+0xbca0c]
V  [jvm.dll+0x352d3b]
V  [jvm.dll+0x19800c]
V  [jvm.dll+0x1fb70e]
V  [jvm.dll+0x1fa7f4]
V  [jvm.dll+0x18354c]
V  [jvm.dll+0x208ee7]
V  [jvm.dll+0x207731]
V  [jvm.dll+0x6eb1cf]
V  [jvm.dll+0x6e3d45]
V  [jvm.dll+0x5ebe96]
C  [ucrtbase.dll+0x21bb2]
C  [KERNEL32.DLL+0x17034]
C  [ntdll.dll+0x52651]


---------------  P R O C E S S  ---------------

Threads class SMR info:
_java_thread_list=0x000001ef1b330a70, length=62, elements={
0x000001ef77dfc000, 0x000001ef7fa1d000, 0x000001ef7fa23000, 0x000001ef7fa39000,
0x000001ef7fa3a800, 0x000001ef7fa3d000, 0x000001ef7fa3f000, 0x000001ef7fa47800,
0x000001ef7fa55000, 0x000001ef7fcfa000, 0x000001ef1495e800, 0x000001ef14d91800,
0x000001ef14f25000, 0x000001ef14fc6800, 0x000001ef1451e800, 0x000001ef14f30000,
0x000001ef14f87800, 0x000001ef14b9a800, 0x000001ef1460b800, 0x000001ef14ef8800,
0x000001ef14efb000, 0x000001ef14ef6000, 0x000001ef14ef5000, 0x000001ef14ef9000,
0x000001ef14efb800, 0x000001ef14efa000, 0x000001ef14ef6800, 0x000001ef14ef7800,
0x000001ef174f5000, 0x000001ef174ef800, 0x000001ef174f6000, 0x000001ef174f0800,
0x000001ef174f7000, 0x000001ef174f2800, 0x000001ef174f2000, 0x000001ef174f4800,
0x000001ef18fac800, 0x000001ef174fb000, 0x000001ef174f9000, 0x000001ef174fd800,
0x000001ef174f7800, 0x000001ef174fa000, 0x000001ef174fb800, 0x000001ef174fc800,
0x000001ef174fe000, 0x000001ef174f8800, 0x000001ef17fa1000, 0x000001ef17f9f800,
0x000001ef17f9e800, 0x000001ef17f9d000, 0x000001ef17f9e000, 0x000001ef17fa0000,
0x000001ef17f9c000, 0x000001ef17fa4800, 0x000001ef17fa3800, 0x000001ef17fa2000,
0x000001ef17fa8800, 0x000001ef17fa2800, 0x000001ef17fa6800, 0x000001ef17fa7800,
0x000001ef17fa9000, 0x000001ef17faa000
}

Java Threads: ( => current thread )
  0x000001ef77dfc000 JavaThread "main" [_thread_blocked, id=5756, stack(0x000000d75d600000,0x000000d75d700000)]
  0x000001ef7fa1d000 JavaThread "Reference Handler" daemon [_thread_blocked, id=7060, stack(0x000000d75dd00000,0x000000d75de00000)]
  0x000001ef7fa23000 JavaThread "Finalizer" daemon [_thread_blocked, id=13960, stack(0x000000d75de00000,0x000000d75df00000)]
  0x000001ef7fa39000 JavaThread "Signal Dispatcher" daemon [_thread_blocked, id=10808, stack(0x000000d75df00000,0x000000d75e000000)]
  0x000001ef7fa3a800 JavaThread "Attach Listener" daemon [_thread_blocked, id=11480, stack(0x000000d75e000000,0x000000d75e100000)]
  0x000001ef7fa3d000 JavaThread "Service Thread" daemon [_thread_blocked, id=17108, stack(0x000000d75e100000,0x000000d75e200000)]
  0x000001ef7fa3f000 JavaThread "C2 CompilerThread0" daemon [_thread_blocked, id=17372, stack(0x000000d75e200000,0x000000d75e300000)]
  0x000001ef7fa47800 JavaThread "C1 CompilerThread0" daemon [_thread_blocked, id=3056, stack(0x000000d75e300000,0x000000d75e400000)]
  0x000001ef7fa55000 JavaThread "Sweeper thread" daemon [_thread_blocked, id=7984, stack(0x000000d75e400000,0x000000d75e500000)]
  0x000001ef7fcfa000 JavaThread "Common-Cleaner" daemon [_thread_blocked, id=13144, stack(0x000000d75e500000,0x000000d75e600000)]
  0x000001ef1495e800 JavaThread "Daemon health stats" [_thread_blocked, id=2788, stack(0x000000d75e800000,0x000000d75e900000)]
  0x000001ef14d91800 JavaThread "Incoming local TCP Connector on port 51987" [_thread_in_native, id=14624, stack(0x000000d75e900000,0x000000d75ea00000)]
  0x000001ef14f25000 JavaThread "Daemon periodic checks" [_thread_blocked, id=12036, stack(0x000000d75ea00000,0x000000d75eb00000)]
  0x000001ef14fc6800 JavaThread "Daemon" [_thread_blocked, id=15012, stack(0x000000d75eb00000,0x000000d75ec00000)]
  0x000001ef1451e800 JavaThread "Handler for socket connection from /127.0.0.1:51987 to /127.0.0.1:51988" [_thread_in_native, id=16172, stack(0x000000d75ec00000,0x000000d75ed00000)]
  0x000001ef14f30000 JavaThread "Cancel handler" [_thread_blocked, id=16688, stack(0x000000d75ed00000,0x000000d75ee00000)]
  0x000001ef14f87800 JavaThread "Daemon worker" [_thread_blocked, id=14160, stack(0x000000d75ee00000,0x000000d75ef00000)]
  0x000001ef14b9a800 JavaThread "Asynchronous log dispatcher for DefaultDaemonConnection: socket connection from /127.0.0.1:51987 to /127.0.0.1:51988" [_thread_blocked, id=3380, stack(0x000000d75ef00000,0x000000d75f000000)]
  0x000001ef1460b800 JavaThread "Stdin handler" [_thread_blocked, id=9552, stack(0x000000d75f000000,0x000000d75f100000)]
  0x000001ef14ef8800 JavaThread "Daemon client event forwarder" [_thread_blocked, id=14532, stack(0x000000d75f100000,0x000000d75f200000)]
  0x000001ef14efb000 JavaThread "Cache worker for file hash cache (C:\Users\fijes\.gradle\caches\7.0.2\fileHashes)" [_thread_blocked, id=13812, stack(0x000000d75f900000,0x000000d75fa00000)]
  0x000001ef14ef6000 JavaThread "File lock request listener" [_thread_in_native, id=15152, stack(0x000000d75fa00000,0x000000d75fb00000)]
  0x000001ef14ef5000 JavaThread "Cache worker for journal cache (C:\Users\fijes\.gradle\caches\journal-1)" [_thread_blocked, id=2336, stack(0x000000d75fc00000,0x000000d75fd00000)]
  0x000001ef14ef9000 JavaThread "Cache worker for file hash cache (C:\Users\fijes\SWALKER21\.gradle\7.0.2\fileHashes)" [_thread_blocked, id=13660, stack(0x000000d75fd00000,0x000000d75fe00000)]
  0x000001ef14efb800 JavaThread "File watcher server" daemon [_thread_in_native, id=15272, stack(0x000000d75fe00000,0x000000d75ff00000)]
  0x000001ef14efa000 JavaThread "File watcher consumer" daemon [_thread_blocked, id=15488, stack(0x000000d75ff00000,0x000000d760000000)]
  0x000001ef14ef6800 JavaThread "Cache worker for checksums cache (C:\Users\fijes\SWALKER21\.gradle\checksums)" [_thread_blocked, id=14556, stack(0x000000d760000000,0x000000d760100000)]
  0x000001ef14ef7800 JavaThread "Cache worker for cache directory md-supplier (C:\Users\fijes\.gradle\caches\7.0.2\md-supplier)" [_thread_blocked, id=14588, stack(0x000000d760100000,0x000000d760200000)]
  0x000001ef174f5000 JavaThread "Cache worker for cache directory md-rule (C:\Users\fijes\.gradle\caches\7.0.2\md-rule)" [_thread_blocked, id=12116, stack(0x000000d760200000,0x000000d760300000)]
  0x000001ef174ef800 JavaThread "Cache worker for execution history cache (C:\Users\fijes\.gradle\caches\7.0.2\executionHistory)" [_thread_blocked, id=14412, stack(0x000000d760300000,0x000000d760400000)]
  0x000001ef174f6000 JavaThread "jar transforms" [_thread_blocked, id=4268, stack(0x000000d760400000,0x000000d760500000)]
  0x000001ef174f0800 JavaThread "jar transforms Thread 2" [_thread_blocked, id=7528, stack(0x000000d760500000,0x000000d760600000)]
  0x000001ef174f7000 JavaThread "Cache worker for file content cache (C:\Users\fijes\.gradle\caches\7.0.2\fileContent)" [_thread_blocked, id=6112, stack(0x000000d760600000,0x000000d760700000)]
  0x000001ef174f2800 JavaThread "Cache worker for dependencies-accessors (C:\Users\fijes\SWALKER21\.gradle\7.0.2\dependencies-accessors)" [_thread_blocked, id=15324, stack(0x000000d760700000,0x000000d760800000)]
  0x000001ef174f2000 JavaThread "jar transforms Thread 3" [_thread_blocked, id=11864, stack(0x000000d760800000,0x000000d760900000)]
  0x000001ef174f4800 JavaThread "Cache worker for Build Output Cleanup Cache (C:\Users\fijes\SWALKER21\.gradle\buildOutputCleanup)" [_thread_blocked, id=10472, stack(0x000000d760900000,0x000000d760a00000)]
=>0x000001ef18fac800 JavaThread "C2 CompilerThread1" daemon [_thread_in_native, id=12680, stack(0x000000d760a00000,0x000000d760b00000)]
  0x000001ef174fb000 JavaThread "Build operations" [_thread_blocked, id=2456, stack(0x000000d760b00000,0x000000d760c00000)]
  0x000001ef174f9000 JavaThread "Build operations Thread 2" [_thread_blocked, id=1904, stack(0x000000d760c00000,0x000000d760d00000)]
  0x000001ef174fd800 JavaThread "Build operations Thread 3" [_thread_blocked, id=13756, stack(0x000000d760d00000,0x000000d760e00000)]
  0x000001ef174f7800 JavaThread "Build operations Thread 4" [_thread_in_native, id=10456, stack(0x000000d760e00000,0x000000d760f00000)]
  0x000001ef174fa000 JavaThread "Build operations Thread 5" [_thread_blocked, id=2464, stack(0x000000d760f00000,0x000000d761000000)]
  0x000001ef174fb800 JavaThread "Build operations Thread 6" [_thread_in_Java, id=2420, stack(0x000000d761000000,0x000000d761100000)]
  0x000001ef174fc800 JavaThread "Build operations Thread 7" [_thread_blocked, id=14204, stack(0x000000d761100000,0x000000d761200000)]
  0x000001ef174fe000 JavaThread "Build operations Thread 8" [_thread_in_native, id=12124, stack(0x000000d761200000,0x000000d761300000)]
  0x000001ef174f8800 JavaThread "jar transforms Thread 4" [_thread_blocked, id=5024, stack(0x000000d761300000,0x000000d761400000)]
  0x000001ef17fa1000 JavaThread "jar transforms Thread 5" [_thread_blocked, id=13368, stack(0x000000d761400000,0x000000d761500000)]
  0x000001ef17f9f800 JavaThread "jar transforms Thread 6" [_thread_blocked, id=8464, stack(0x000000d761500000,0x000000d761600000)]
  0x000001ef17f9e800 JavaThread "jar transforms Thread 7" [_thread_blocked, id=16616, stack(0x000000d761600000,0x000000d761700000)]
  0x000001ef17f9d000 JavaThread "jar transforms Thread 8" [_thread_blocked, id=11272, stack(0x000000d761700000,0x000000d761800000)]
  0x000001ef17f9e000 JavaThread "Memory manager" [_thread_blocked, id=5940, stack(0x000000d761800000,0x000000d761900000)]
  0x000001ef17fa0000 JavaThread "build event listener" [_thread_blocked, id=10980, stack(0x000000d761900000,0x000000d761a00000)]
  0x000001ef17f9c000 JavaThread "pool-3-thread-1" [_thread_blocked, id=6592, stack(0x000000d761a00000,0x000000d761b00000)]
  0x000001ef17fa4800 JavaThread "build event listener" [_thread_blocked, id=11156, stack(0x000000d761b00000,0x000000d761c00000)]
  0x000001ef17fa3800 JavaThread "Execution worker for ':'" [_thread_blocked, id=6356, stack(0x000000d761c00000,0x000000d761d00000)]
  0x000001ef17fa2000 JavaThread "Execution worker for ':' Thread 2" [_thread_blocked, id=11708, stack(0x000000d761d00000,0x000000d761e00000)]
  0x000001ef17fa8800 JavaThread "Execution worker for ':' Thread 3" [_thread_blocked, id=4436, stack(0x000000d761e00000,0x000000d761f00000)]
  0x000001ef17fa2800 JavaThread "Execution worker for ':' Thread 4" [_thread_blocked, id=13044, stack(0x000000d761f00000,0x000000d762000000)]
  0x000001ef17fa6800 JavaThread "Execution worker for ':' Thread 5" [_thread_blocked, id=16564, stack(0x000000d762000000,0x000000d762100000)]
  0x000001ef17fa7800 JavaThread "Execution worker for ':' Thread 6" [_thread_blocked, id=5012, stack(0x000000d762100000,0x000000d762200000)]
  0x000001ef17fa9000 JavaThread "Execution worker for ':' Thread 7" [_thread_blocked, id=212, stack(0x000000d762200000,0x000000d762300000)]
  0x000001ef17faa000 JavaThread "Cache worker for execution history cache (C:\Users\fijes\SWALKER21\.gradle\7.0.2\executionHistory)" [_thread_blocked, id=6860, stack(0x000000d762300000,0x000000d762400000)]

Other Threads:
  0x000001ef7fa1b000 VMThread "VM Thread" [stack: 0x000000d75dc00000,0x000000d75dd00000] [id=7940]
  0x000001ef7fd16800 WatcherThread [stack: 0x000000d75e600000,0x000000d75e700000] [id=15084]
  0x000001ef77e14800 GCTaskThread "GC Thread#0" [stack: 0x000000d75d700000,0x000000d75d800000] [id=14452]
  0x000001ef13f29800 GCTaskThread "GC Thread#1" [stack: 0x000000d75e700000,0x000000d75e800000] [id=3324]
  0x000001ef14f16800 GCTaskThread "GC Thread#2" [stack: 0x000000d75f200000,0x000000d75f300000] [id=16432]
  0x000001ef153fd000 GCTaskThread "GC Thread#3" [stack: 0x000000d75f300000,0x000000d75f400000] [id=17344]
  0x000001ef145b5800 GCTaskThread "GC Thread#4" [stack: 0x000000d75f400000,0x000000d75f500000] [id=12996]
  0x000001ef145b6000 GCTaskThread "GC Thread#5" [stack: 0x000000d75f500000,0x000000d75f600000] [id=15036]
  0x000001ef145e7000 GCTaskThread "GC Thread#6" [stack: 0x000000d75f600000,0x000000d75f700000] [id=16036]
  0x000001ef145e8000 GCTaskThread "GC Thread#7" [stack: 0x000000d75f700000,0x000000d75f800000] [id=4484]
  0x000001ef77e46800 ConcurrentGCThread "G1 Main Marker" [stack: 0x000000d75d800000,0x000000d75d900000] [id=8648]
  0x000001ef77e47800 ConcurrentGCThread "G1 Conc#0" [stack: 0x000000d75d900000,0x000000d75da00000] [id=16884]
  0x000001ef154da000 ConcurrentGCThread "G1 Conc#1" [stack: 0x000000d75fb00000,0x000000d75fc00000] [id=3068]
  0x000001ef77ed5000 ConcurrentGCThread "G1 Refine#0" [stack: 0x000000d75da00000,0x000000d75db00000] [id=11612]
  0x000001ef15427800 ConcurrentGCThread "G1 Refine#1" [stack: 0x000000d75f800000,0x000000d75f900000] [id=15384]
  0x000001ef77ed6000 ConcurrentGCThread "G1 Young RemSet Sampling" [stack: 0x000000d75db00000,0x000000d75dc00000] [id=15296]

Threads with active compile tasks:
C1 CompilerThread0  17069 9220   !   3       sun.nio.ch.FileChannelImpl::read (266 bytes)
C2 CompilerThread1  17069 8834       4       org.gradle.internal.snapshot.DirectorySnapshot$$Lambda$955/0x0000000100b00840::accept (20 bytes)

VM state:not at safepoint (normal execution)

VM Mutex/Monitor currently owned by a thread: None

Heap address: 0x0000000080000000, size: 2048 MB, Compressed Oops mode: 32-bit
Narrow klass base: 0x0000000000000000, Narrow klass shift: 3
Compressed class space size: 1073741824 Address: 0x0000000100000000

Heap:
 garbage-first heap   total 183296K, used 68445K [0x0000000080000000, 0x0000000100000000)
  region size 1024K, 7 young (7168K), 5 survivors (5120K)
 Metaspace       used 82185K, capacity 84419K, committed 84556K, reserved 1122304K
  class space    used 10608K, capacity 11378K, committed 11392K, reserved 1048576K
Heap Regions: E=young(eden), S=young(survivor), O=old, HS=humongous(starts), HC=humongous(continues), CS=collection set, F=free, A=archive, TAMS=top-at-mark-start (previous, next)
|   0|0x0000000080000000, 0x0000000080100000, 0x0000000080100000|100%| O|  |TAMS 0x0000000080100000, 0x0000000080000000| Untracked 
|   1|0x0000000080100000, 0x0000000080200000, 0x0000000080200000|100%| O|  |TAMS 0x0000000080200000, 0x0000000080100000| Untracked 
|   2|0x0000000080200000, 0x0000000080300000, 0x0000000080300000|100%| O|  |TAMS 0x0000000080300000, 0x0000000080200000| Untracked 
|   3|0x0000000080300000, 0x0000000080400000, 0x0000000080400000|100%|HS|  |TAMS 0x0000000080400000, 0x0000000080300000| Complete 
|   4|0x0000000080400000, 0x0000000080500000, 0x0000000080500000|100%|HC|  |TAMS 0x0000000080500000, 0x0000000080400000| Complete 
|   5|0x0000000080500000, 0x0000000080600000, 0x0000000080600000|100%|HC|  |TAMS 0x0000000080600000, 0x0000000080500000| Complete 
|   6|0x0000000080600000, 0x0000000080700000, 0x0000000080700000|100%| O|  |TAMS 0x0000000080700000, 0x0000000080600000| Untracked 
|   7|0x0000000080700000, 0x0000000080800000, 0x0000000080800000|100%| O|  |TAMS 0x0000000080800000, 0x0000000080700000| Untracked 
|   8|0x0000000080800000, 0x0000000080900000, 0x0000000080900000|100%| O|  |TAMS 0x0000000080900000, 0x0000000080800000| Untracked 
|   9|0x0000000080900000, 0x0000000080a00000, 0x0000000080a00000|100%| O|  |TAMS 0x0000000080a00000, 0x0000000080900000| Untracked 
|  10|0x0000000080a00000, 0x0000000080b00000, 0x0000000080b00000|100%| O|  |TAMS 0x0000000080b00000, 0x0000000080a00000| Untracked 
|  11|0x0000000080b00000, 0x0000000080c00000, 0x0000000080c00000|100%| O|  |TAMS 0x0000000080c00000, 0x0000000080b00000| Untracked 
|  12|0x0000000080c00000, 0x0000000080d00000, 0x0000000080d00000|100%| O|  |TAMS 0x0000000080d00000, 0x0000000080c00000| Untracked 
|  13|0x0000000080d00000, 0x0000000080e00000, 0x0000000080e00000|100%| O|  |TAMS 0x0000000080e00000, 0x0000000080d00000| Untracked 
|  14|0x0000000080e00000, 0x0000000080f00000, 0x0000000080f00000|100%| O|  |TAMS 0x0000000080f00000, 0x0000000080e00000| Untracked 
|  15|0x0000000080f00000, 0x0000000081000000, 0x0000000081000000|100%| O|  |TAMS 0x0000000081000000, 0x0000000080f00000| Untracked 
|  16|0x0000000081000000, 0x0000000081100000, 0x0000000081100000|100%| O|  |TAMS 0x0000000081100000, 0x0000000081000000| Untracked 
|  17|0x0000000081100000, 0x0000000081200000, 0x0000000081200000|100%|HS|  |TAMS 0x0000000081200000, 0x0000000081100000| Complete 
|  18|0x0000000081200000, 0x0000000081300000, 0x0000000081300000|100%| O|  |TAMS 0x0000000081300000, 0x0000000081200000| Untracked 
|  19|0x0000000081300000, 0x0000000081400000, 0x0000000081400000|100%| O|  |TAMS 0x0000000081400000, 0x0000000081300000| Untracked 
|  20|0x0000000081400000, 0x0000000081500000, 0x0000000081500000|100%| O|  |TAMS 0x0000000081500000, 0x0000000081400000| Untracked 
|  21|0x0000000081500000, 0x0000000081600000, 0x0000000081600000|100%| O|  |TAMS 0x0000000081600000, 0x0000000081500000| Untracked 
|  22|0x0000000081600000, 0x0000000081700000, 0x0000000081700000|100%| O|  |TAMS 0x0000000081700000, 0x0000000081600000| Untracked 
|  23|0x0000000081700000, 0x0000000081800000, 0x0000000081800000|100%| O|  |TAMS 0x0000000081800000, 0x0000000081700000| Untracked 
|  24|0x0000000081800000, 0x0000000081900000, 0x0000000081900000|100%| O|  |TAMS 0x0000000081900000, 0x0000000081800000| Untracked 
|  25|0x0000000081900000, 0x0000000081a00000, 0x0000000081a00000|100%| O|  |TAMS 0x0000000081a00000, 0x0000000081900000| Untracked 
|  26|0x0000000081a00000, 0x0000000081b00000, 0x0000000081b00000|100%| O|  |TAMS 0x0000000081b00000, 0x0000000081a00000| Untracked 
|  27|0x0000000081b00000, 0x0000000081c00000, 0x0000000081c00000|100%|HS|  |TAMS 0x0000000081c00000, 0x0000000081b00000| Complete 
|  28|0x0000000081c00000, 0x0000000081d00000, 0x0000000081d00000|100%|HS|  |TAMS 0x0000000081d00000, 0x0000000081c00000| Complete 
|  29|0x0000000081d00000, 0x0000000081e00000, 0x0000000081e00000|100%|HC|  |TAMS 0x0000000081e00000, 0x0000000081d00000| Complete 
|  30|0x0000000081e00000, 0x0000000081f00000, 0x0000000081f00000|100%| O|  |TAMS 0x0000000081f00000, 0x0000000081e00000| Untracked 
|  31|0x0000000081f00000, 0x0000000082000000, 0x0000000082000000|100%| O|  |TAMS 0x0000000082000000, 0x0000000081f00000| Untracked 
|  32|0x0000000082000000, 0x0000000082100000, 0x0000000082100000|100%| O|  |TAMS 0x0000000082100000, 0x0000000082000000| Untracked 
|  33|0x0000000082100000, 0x0000000082200000, 0x0000000082200000|100%| O|  |TAMS 0x0000000082200000, 0x0000000082100000| Untracked 
|  34|0x0000000082200000, 0x0000000082300000, 0x0000000082300000|100%| O|  |TAMS 0x0000000082300000, 0x0000000082200000| Untracked 
|  35|0x0000000082300000, 0x0000000082400000, 0x0000000082400000|100%| O|  |TAMS 0x0000000082400000, 0x0000000082300000| Untracked 
|  36|0x0000000082400000, 0x0000000082500000, 0x0000000082500000|100%| O|  |TAMS 0x0000000082500000, 0x0000000082400000| Untracked 
|  37|0x0000000082500000, 0x0000000082600000, 0x0000000082600000|100%| O|  |TAMS 0x0000000082600000, 0x0000000082500000| Untracked 
|  38|0x0000000082600000, 0x0000000082700000, 0x0000000082700000|100%| O|  |TAMS 0x0000000082700000, 0x0000000082600000| Untracked 
|  39|0x0000000082700000, 0x0000000082800000, 0x0000000082800000|100%| O|  |TAMS 0x0000000082767000, 0x0000000082700000| Untracked 
|  40|0x0000000082800000, 0x0000000082900000, 0x0000000082900000|100%| O|  |TAMS 0x0000000082800000, 0x0000000082800000| Untracked 
|  41|0x0000000082900000, 0x0000000082a00000, 0x0000000082a00000|100%| O|  |TAMS 0x0000000082900000, 0x0000000082900000| Untracked 
|  42|0x0000000082a00000, 0x0000000082b00000, 0x0000000082b00000|100%| O|  |TAMS 0x0000000082a00000, 0x0000000082a00000| Untracked 
|  43|0x0000000082b00000, 0x0000000082c00000, 0x0000000082c00000|100%| O|  |TAMS 0x0000000082b00000, 0x0000000082b00000| Untracked 
|  44|0x0000000082c00000, 0x0000000082d00000, 0x0000000082d00000|100%| O|  |TAMS 0x0000000082c00000, 0x0000000082c00000| Untracked 
|  45|0x0000000082d00000, 0x0000000082e00000, 0x0000000082e00000|100%| O|  |TAMS 0x0000000082d00000, 0x0000000082d00000| Untracked 
|  46|0x0000000082e00000, 0x0000000082f00000, 0x0000000082f00000|100%| O|  |TAMS 0x0000000082e00000, 0x0000000082e00000| Untracked 
|  47|0x0000000082f00000, 0x0000000083000000, 0x0000000083000000|100%| O|  |TAMS 0x0000000082f00000, 0x0000000082f00000| Untracked 
|  48|0x0000000083000000, 0x0000000083100000, 0x0000000083100000|100%| O|  |TAMS 0x0000000083000000, 0x0000000083000000| Untracked 
|  49|0x0000000083100000, 0x0000000083200000, 0x0000000083200000|100%| O|  |TAMS 0x0000000083100000, 0x0000000083100000| Untracked 
|  50|0x0000000083200000, 0x0000000083300000, 0x0000000083300000|100%| O|  |TAMS 0x0000000083200000, 0x0000000083200000| Untracked 
|  51|0x0000000083300000, 0x0000000083400000, 0x0000000083400000|100%| O|  |TAMS 0x0000000083300000, 0x0000000083300000| Untracked 
|  52|0x0000000083400000, 0x0000000083500000, 0x0000000083500000|100%| O|  |TAMS 0x0000000083400000, 0x0000000083400000| Untracked 
|  53|0x0000000083500000, 0x0000000083600000, 0x0000000083600000|100%| O|  |TAMS 0x0000000083500000, 0x0000000083500000| Untracked 
|  54|0x0000000083600000, 0x0000000083700000, 0x0000000083700000|100%| O|  |TAMS 0x0000000083600000, 0x0000000083600000| Untracked 
|  55|0x0000000083700000, 0x0000000083800000, 0x0000000083800000|100%| O|  |TAMS 0x0000000083700000, 0x0000000083700000| Untracked 
|  56|0x0000000083800000, 0x0000000083900000, 0x0000000083900000|100%| O|  |TAMS 0x0000000083800000, 0x0000000083800000| Untracked 
|  57|0x0000000083900000, 0x0000000083a00000, 0x0000000083a00000|100%| O|  |TAMS 0x0000000083900000, 0x0000000083900000| Untracked 
|  58|0x0000000083a00000, 0x0000000083b00000, 0x0000000083b00000|100%| O|  |TAMS 0x0000000083a00000, 0x0000000083a00000| Untracked 
|  59|0x0000000083b00000, 0x0000000083c00000, 0x0000000083c00000|100%| O|  |TAMS 0x0000000083b00000, 0x0000000083b00000| Untracked 
|  60|0x0000000083c00000, 0x0000000083cea600, 0x0000000083d00000| 91%| O|  |TAMS 0x0000000083c00000, 0x0000000083c00000| Untracked 
|  61|0x0000000083d00000, 0x0000000083d00000, 0x0000000083e00000|  0%| F|  |TAMS 0x0000000083d00000, 0x0000000083d00000| Untracked 
|  62|0x0000000083e00000, 0x0000000083e00000, 0x0000000083f00000|  0%| F|  |TAMS 0x0000000083e00000, 0x0000000083e00000| Untracked 
|  63|0x0000000083f00000, 0x0000000083f00000, 0x0000000084000000|  0%| F|  |TAMS 0x0000000083f00000, 0x0000000083f00000| Untracked 
|  64|0x0000000084000000, 0x0000000084000000, 0x0000000084100000|  0%| F|  |TAMS 0x0000000084000000, 0x0000000084000000| Untracked 
|  65|0x0000000084100000, 0x0000000084100000, 0x0000000084200000|  0%| F|  |TAMS 0x0000000084100000, 0x0000000084100000| Untracked 
|  66|0x0000000084200000, 0x0000000084200000, 0x0000000084300000|  0%| F|  |TAMS 0x0000000084200000, 0x0000000084200000| Untracked 
|  67|0x0000000084300000, 0x0000000084300000, 0x0000000084400000|  0%| F|  |TAMS 0x0000000084300000, 0x0000000084300000| Untracked 
|  68|0x0000000084400000, 0x0000000084400000, 0x0000000084500000|  0%| F|  |TAMS 0x0000000084400000, 0x0000000084400000| Untracked 
|  69|0x0000000084500000, 0x0000000084500000, 0x0000000084600000|  0%| F|  |TAMS 0x0000000084500000, 0x0000000084500000| Untracked 
|  70|0x0000000084600000, 0x0000000084600000, 0x0000000084700000|  0%| F|  |TAMS 0x0000000084600000, 0x0000000084600000| Untracked 
|  71|0x0000000084700000, 0x0000000084700000, 0x0000000084800000|  0%| F|  |TAMS 0x0000000084700000, 0x0000000084700000| Untracked 
|  72|0x0000000084800000, 0x0000000084800000, 0x0000000084900000|  0%| F|  |TAMS 0x0000000084800000, 0x0000000084800000| Untracked 
|  73|0x0000000084900000, 0x0000000084900000, 0x0000000084a00000|  0%| F|  |TAMS 0x0000000084900000, 0x0000000084900000| Untracked 
|  74|0x0000000084a00000, 0x0000000084a00000, 0x0000000084b00000|  0%| F|  |TAMS 0x0000000084a00000, 0x0000000084a00000| Untracked 
|  75|0x0000000084b00000, 0x0000000084b00000, 0x0000000084c00000|  0%| F|  |TAMS 0x0000000084b00000, 0x0000000084b00000| Untracked 
|  76|0x0000000084c00000, 0x0000000084c00000, 0x0000000084d00000|  0%| F|  |TAMS 0x0000000084c00000, 0x0000000084c00000| Untracked 
|  77|0x0000000084d00000, 0x0000000084d00000, 0x0000000084e00000|  0%| F|  |TAMS 0x0000000084d00000, 0x0000000084d00000| Untracked 
|  78|0x0000000084e00000, 0x0000000084e00000, 0x0000000084f00000|  0%| F|  |TAMS 0x0000000084e00000, 0x0000000084e00000| Untracked 
|  79|0x0000000084f00000, 0x0000000084f00000, 0x0000000085000000|  0%| F|  |TAMS 0x0000000084f00000, 0x0000000084f00000| Untracked 
|  80|0x0000000085000000, 0x0000000085000000, 0x0000000085100000|  0%| F|  |TAMS 0x0000000085000000, 0x0000000085000000| Untracked 
|  81|0x0000000085100000, 0x0000000085100000, 0x0000000085200000|  0%| F|  |TAMS 0x0000000085100000, 0x0000000085100000| Untracked 
|  82|0x0000000085200000, 0x0000000085200000, 0x0000000085300000|  0%| F|  |TAMS 0x0000000085200000, 0x0000000085200000| Untracked 
|  83|0x0000000085300000, 0x0000000085300000, 0x0000000085400000|  0%| F|  |TAMS 0x0000000085300000, 0x0000000085300000| Untracked 
|  84|0x0000000085400000, 0x0000000085400000, 0x0000000085500000|  0%| F|  |TAMS 0x0000000085400000, 0x0000000085400000| Untracked 
|  85|0x0000000085500000, 0x0000000085500000, 0x0000000085600000|  0%| F|  |TAMS 0x0000000085500000, 0x0000000085500000| Untracked 
|  86|0x0000000085600000, 0x0000000085600000, 0x0000000085700000|  0%| F|  |TAMS 0x0000000085600000, 0x0000000085600000| Untracked 
|  87|0x0000000085700000, 0x0000000085700000, 0x0000000085800000|  0%| F|  |TAMS 0x0000000085700000, 0x0000000085700000| Untracked 
|  88|0x0000000085800000, 0x0000000085800000, 0x0000000085900000|  0%| F|  |TAMS 0x0000000085800000, 0x0000000085800000| Untracked 
|  89|0x0000000085900000, 0x0000000085900000, 0x0000000085a00000|  0%| F|  |TAMS 0x0000000085900000, 0x0000000085900000| Untracked 
|  90|0x0000000085a00000, 0x0000000085a00000, 0x0000000085b00000|  0%| F|  |TAMS 0x0000000085a00000, 0x0000000085a00000| Untracked 
|  91|0x0000000085b00000, 0x0000000085b00000, 0x0000000085c00000|  0%| F|  |TAMS 0x0000000085b00000, 0x0000000085b00000| Untracked 
|  92|0x0000000085c00000, 0x0000000085c00000, 0x0000000085d00000|  0%| F|  |TAMS 0x0000000085c00000, 0x0000000085c00000| Untracked 
|  93|0x0000000085d00000, 0x0000000085d00000, 0x0000000085e00000|  0%| F|  |TAMS 0x0000000085d00000, 0x0000000085d00000| Untracked 
|  94|0x0000000085e00000, 0x0000000085e00000, 0x0000000085f00000|  0%| F|  |TAMS 0x0000000085e00000, 0x0000000085e00000| Untracked 
|  95|0x0000000085f00000, 0x0000000085f00000, 0x0000000086000000|  0%| F|  |TAMS 0x0000000085f00000, 0x0000000085f00000| Untracked 
|  96|0x0000000086000000, 0x0000000086000000, 0x0000000086100000|  0%| F|  |TAMS 0x0000000086000000, 0x0000000086000000| Untracked 
|  97|0x0000000086100000, 0x0000000086100000, 0x0000000086200000|  0%| F|  |TAMS 0x0000000086100000, 0x0000000086100000| Untracked 
|  98|0x0000000086200000, 0x0000000086200000, 0x0000000086300000|  0%| F|  |TAMS 0x0000000086200000, 0x0000000086200000| Untracked 
|  99|0x0000000086300000, 0x0000000086300000, 0x0000000086400000|  0%| F|  |TAMS 0x0000000086300000, 0x0000000086300000| Untracked 
| 100|0x0000000086400000, 0x00000000864ecfb8, 0x0000000086500000| 92%| S|CS|TAMS 0x0000000086400000, 0x0000000086400000| Complete 
| 101|0x0000000086500000, 0x0000000086600000, 0x0000000086600000|100%| S|CS|TAMS 0x0000000086500000, 0x0000000086500000| Complete 
| 102|0x0000000086600000, 0x0000000086700000, 0x0000000086700000|100%| S|CS|TAMS 0x0000000086600000, 0x0000000086600000| Complete 
| 103|0x0000000086700000, 0x0000000086800000, 0x0000000086800000|100%| S|CS|TAMS 0x0000000086700000, 0x0000000086700000| Complete 
| 104|0x0000000086800000, 0x0000000086900000, 0x0000000086900000|100%| S|CS|TAMS 0x0000000086800000, 0x0000000086800000| Complete 
| 105|0x0000000086900000, 0x0000000086900000, 0x0000000086a00000|  0%| F|  |TAMS 0x0000000086900000, 0x0000000086900000| Untracked 
| 106|0x0000000086a00000, 0x0000000086a00000, 0x0000000086b00000|  0%| F|  |TAMS 0x0000000086a00000, 0x0000000086a00000| Untracked 
| 107|0x0000000086b00000, 0x0000000086b00000, 0x0000000086c00000|  0%| F|  |TAMS 0x0000000086b00000, 0x0000000086b00000| Untracked 
| 108|0x0000000086c00000, 0x0000000086c00000, 0x0000000086d00000|  0%| F|  |TAMS 0x0000000086c00000, 0x0000000086c00000| Untracked 
| 109|0x0000000086d00000, 0x0000000086d00000, 0x0000000086e00000|  0%| F|  |TAMS 0x0000000086d00000, 0x0000000086d00000| Untracked 
| 110|0x0000000086e00000, 0x0000000086e00000, 0x0000000086f00000|  0%| F|  |TAMS 0x0000000086e00000, 0x0000000086e00000| Untracked 
| 111|0x0000000086f00000, 0x0000000086f00000, 0x0000000087000000|  0%| F|  |TAMS 0x0000000086f00000, 0x0000000086f00000| Untracked 
| 112|0x0000000087000000, 0x0000000087000000, 0x0000000087100000|  0%| F|  |TAMS 0x0000000087000000, 0x0000000087000000| Untracked 
| 113|0x0000000087100000, 0x0000000087100000, 0x0000000087200000|  0%| F|  |TAMS 0x0000000087100000, 0x0000000087100000| Untracked 
| 114|0x0000000087200000, 0x0000000087200000, 0x0000000087300000|  0%| F|  |TAMS 0x0000000087200000, 0x0000000087200000| Untracked 
| 115|0x0000000087300000, 0x0000000087300000, 0x0000000087400000|  0%| F|  |TAMS 0x0000000087300000, 0x0000000087300000| Untracked 
| 116|0x0000000087400000, 0x0000000087400000, 0x0000000087500000|  0%| F|  |TAMS 0x0000000087400000, 0x0000000087400000| Untracked 
| 117|0x0000000087500000, 0x0000000087500000, 0x0000000087600000|  0%| F|  |TAMS 0x0000000087500000, 0x0000000087500000| Untracked 
| 118|0x0000000087600000, 0x0000000087600000, 0x0000000087700000|  0%| F|  |TAMS 0x0000000087600000, 0x0000000087600000| Untracked 
| 119|0x0000000087700000, 0x0000000087700000, 0x0000000087800000|  0%| F|  |TAMS 0x0000000087700000, 0x0000000087700000| Untracked 
| 120|0x0000000087800000, 0x0000000087800000, 0x0000000087900000|  0%| F|  |TAMS 0x0000000087800000, 0x0000000087800000| Untracked 
| 121|0x0000000087900000, 0x0000000087900000, 0x0000000087a00000|  0%| F|  |TAMS 0x0000000087900000, 0x0000000087900000| Untracked 
| 122|0x0000000087a00000, 0x0000000087a00000, 0x0000000087b00000|  0%| F|  |TAMS 0x0000000087a00000, 0x0000000087a00000| Untracked 
| 123|0x0000000087b00000, 0x0000000087b00000, 0x0000000087c00000|  0%| F|  |TAMS 0x0000000087b00000, 0x0000000087b00000| Untracked 
| 124|0x0000000087c00000, 0x0000000087c00000, 0x0000000087d00000|  0%| F|  |TAMS 0x0000000087c00000, 0x0000000087c00000| Untracked 
| 125|0x0000000087d00000, 0x0000000087d00000, 0x0000000087e00000|  0%| F|  |TAMS 0x0000000087d00000, 0x0000000087d00000| Untracked 
| 126|0x0000000087e00000, 0x0000000087e00000, 0x0000000087f00000|  0%| F|  |TAMS 0x0000000087e00000, 0x0000000087e00000| Untracked 
| 127|0x0000000087f00000, 0x0000000087f00000, 0x0000000088000000|  0%| F|  |TAMS 0x0000000087f00000, 0x0000000087f00000| Untracked 
| 128|0x0000000088000000, 0x0000000088000000, 0x0000000088100000|  0%| F|  |TAMS 0x0000000088000000, 0x0000000088000000| Untracked 
| 129|0x0000000088100000, 0x0000000088100000, 0x0000000088200000|  0%| F|  |TAMS 0x0000000088100000, 0x0000000088100000| Untracked 
| 130|0x0000000088200000, 0x0000000088200000, 0x0000000088300000|  0%| F|  |TAMS 0x0000000088200000, 0x0000000088200000| Untracked 
| 131|0x0000000088300000, 0x0000000088300000, 0x0000000088400000|  0%| F|  |TAMS 0x0000000088300000, 0x0000000088300000| Untracked 
| 132|0x0000000088400000, 0x0000000088400000, 0x0000000088500000|  0%| F|  |TAMS 0x0000000088400000, 0x0000000088400000| Untracked 
| 133|0x0000000088500000, 0x0000000088500000, 0x0000000088600000|  0%| F|  |TAMS 0x0000000088500000, 0x0000000088500000| Untracked 
| 134|0x0000000088600000, 0x0000000088600000, 0x0000000088700000|  0%| F|  |TAMS 0x0000000088600000, 0x0000000088600000| Untracked 
| 135|0x0000000088700000, 0x0000000088700000, 0x0000000088800000|  0%| F|  |TAMS 0x0000000088700000, 0x0000000088700000| Untracked 
| 136|0x0000000088800000, 0x0000000088800000, 0x0000000088900000|  0%| F|  |TAMS 0x0000000088800000, 0x0000000088800000| Untracked 
| 137|0x0000000088900000, 0x0000000088900000, 0x0000000088a00000|  0%| F|  |TAMS 0x0000000088900000, 0x0000000088900000| Untracked 
| 138|0x0000000088a00000, 0x0000000088a00000, 0x0000000088b00000|  0%| F|  |TAMS 0x0000000088a00000, 0x0000000088a00000| Untracked 
| 139|0x0000000088b00000, 0x0000000088b00000, 0x0000000088c00000|  0%| F|  |TAMS 0x0000000088b00000, 0x0000000088b00000| Untracked 
| 140|0x0000000088c00000, 0x0000000088c00000, 0x0000000088d00000|  0%| F|  |TAMS 0x0000000088c00000, 0x0000000088c00000| Untracked 
| 141|0x0000000088d00000, 0x0000000088d00000, 0x0000000088e00000|  0%| F|  |TAMS 0x0000000088d00000, 0x0000000088d00000| Untracked 
| 142|0x0000000088e00000, 0x0000000088e00000, 0x0000000088f00000|  0%| F|  |TAMS 0x0000000088e00000, 0x0000000088e00000| Untracked 
| 143|0x0000000088f00000, 0x0000000088f00000, 0x0000000089000000|  0%| F|  |TAMS 0x0000000088f00000, 0x0000000088f00000| Untracked 
| 144|0x0000000089000000, 0x0000000089000000, 0x0000000089100000|  0%| F|  |TAMS 0x0000000089000000, 0x0000000089000000| Untracked 
| 145|0x0000000089100000, 0x0000000089100000, 0x0000000089200000|  0%| F|  |TAMS 0x0000000089100000, 0x0000000089100000| Untracked 
| 146|0x0000000089200000, 0x0000000089200000, 0x0000000089300000|  0%| F|  |TAMS 0x0000000089200000, 0x0000000089200000| Untracked 
| 147|0x0000000089300000, 0x0000000089300000, 0x0000000089400000|  0%| F|  |TAMS 0x0000000089300000, 0x0000000089300000| Untracked 
| 148|0x0000000089400000, 0x0000000089400000, 0x0000000089500000|  0%| F|  |TAMS 0x0000000089400000, 0x0000000089400000| Untracked 
| 149|0x0000000089500000, 0x0000000089500000, 0x0000000089600000|  0%| F|  |TAMS 0x0000000089500000, 0x0000000089500000| Untracked 
| 150|0x0000000089600000, 0x0000000089600000, 0x0000000089700000|  0%| F|  |TAMS 0x0000000089600000, 0x0000000089600000| Untracked 
| 151|0x0000000089700000, 0x0000000089700000, 0x0000000089800000|  0%| F|  |TAMS 0x0000000089700000, 0x0000000089700000| Untracked 
| 152|0x0000000089800000, 0x0000000089800000, 0x0000000089900000|  0%| F|  |TAMS 0x0000000089800000, 0x0000000089800000| Untracked 
| 153|0x0000000089900000, 0x0000000089900000, 0x0000000089a00000|  0%| F|  |TAMS 0x0000000089900000, 0x0000000089900000| Untracked 
| 154|0x0000000089a00000, 0x0000000089a00000, 0x0000000089b00000|  0%| F|  |TAMS 0x0000000089a00000, 0x0000000089a00000| Untracked 
| 155|0x0000000089b00000, 0x0000000089b00000, 0x0000000089c00000|  0%| F|  |TAMS 0x0000000089b00000, 0x0000000089b00000| Untracked 
| 156|0x0000000089c00000, 0x0000000089c00000, 0x0000000089d00000|  0%| F|  |TAMS 0x0000000089c00000, 0x0000000089c00000| Untracked 
| 157|0x0000000089d00000, 0x0000000089d00000, 0x0000000089e00000|  0%| F|  |TAMS 0x0000000089d00000, 0x0000000089d00000| Untracked 
| 158|0x0000000089e00000, 0x0000000089e00000, 0x0000000089f00000|  0%| F|  |TAMS 0x0000000089e00000, 0x0000000089e00000| Untracked 
| 159|0x0000000089f00000, 0x0000000089f00000, 0x000000008a000000|  0%| F|  |TAMS 0x0000000089f00000, 0x0000000089f00000| Untracked 
| 160|0x000000008a000000, 0x000000008a000000, 0x000000008a100000|  0%| F|  |TAMS 0x000000008a000000, 0x000000008a000000| Untracked 
| 161|0x000000008a100000, 0x000000008a100000, 0x000000008a200000|  0%| F|  |TAMS 0x000000008a100000, 0x000000008a100000| Untracked 
| 162|0x000000008a200000, 0x000000008a200000, 0x000000008a300000|  0%| F|  |TAMS 0x000000008a200000, 0x000000008a200000| Untracked 
| 163|0x000000008a300000, 0x000000008a300000, 0x000000008a400000|  0%| F|  |TAMS 0x000000008a300000, 0x000000008a300000| Untracked 
| 164|0x000000008a400000, 0x000000008a400000, 0x000000008a500000|  0%| F|  |TAMS 0x000000008a400000, 0x000000008a400000| Untracked 
| 165|0x000000008a500000, 0x000000008a500000, 0x000000008a600000|  0%| F|  |TAMS 0x000000008a500000, 0x000000008a500000| Untracked 
| 166|0x000000008a600000, 0x000000008a600000, 0x000000008a700000|  0%| F|  |TAMS 0x000000008a600000, 0x000000008a600000| Untracked 
| 167|0x000000008a700000, 0x000000008a700000, 0x000000008a800000|  0%| F|  |TAMS 0x000000008a700000, 0x000000008a700000| Untracked 
| 168|0x000000008a800000, 0x000000008a800000, 0x000000008a900000|  0%| F|  |TAMS 0x000000008a800000, 0x000000008a800000| Untracked 
| 169|0x000000008a900000, 0x000000008a900000, 0x000000008aa00000|  0%| F|  |TAMS 0x000000008a900000, 0x000000008a900000| Untracked 
| 170|0x000000008aa00000, 0x000000008aa00000, 0x000000008ab00000|  0%| F|  |TAMS 0x000000008aa00000, 0x000000008aa00000| Untracked 
| 171|0x000000008ab00000, 0x000000008ab00000, 0x000000008ac00000|  0%| F|  |TAMS 0x000000008ab00000, 0x000000008ab00000| Untracked 
| 172|0x000000008ac00000, 0x000000008ac00000, 0x000000008ad00000|  0%| F|  |TAMS 0x000000008ac00000, 0x000000008ac00000| Untracked 
| 173|0x000000008ad00000, 0x000000008ad00000, 0x000000008ae00000|  0%| F|  |TAMS 0x000000008ad00000, 0x000000008ad00000| Untracked 
| 174|0x000000008ae00000, 0x000000008ae00000, 0x000000008af00000|  0%| F|  |TAMS 0x000000008ae00000, 0x000000008ae00000| Untracked 
| 175|0x000000008af00000, 0x000000008af00000, 0x000000008b000000|  0%| F|  |TAMS 0x000000008af00000, 0x000000008af00000| Untracked 
| 176|0x000000008b000000, 0x000000008b000000, 0x000000008b100000|  0%| F|  |TAMS 0x000000008b000000, 0x000000008b000000| Untracked 
| 177|0x000000008b100000, 0x000000008b1990e8, 0x000000008b200000| 59%| E|  |TAMS 0x000000008b100000, 0x000000008b100000| Complete 
| 178|0x000000008b200000, 0x000000008b300000, 0x000000008b300000|100%| E|CS|TAMS 0x000000008b200000, 0x000000008b200000| Complete 

Card table byte_map: [0x000001ef7c750000,0x000001ef7cb50000] _byte_map_base: 0x000001ef7c350000

Marking Bits (Prev, Next): (CMBitMap*) 0x000001ef77e3d930, (CMBitMap*) 0x000001ef77e3d8f8
 Prev Bits: [0x000001ef0f000000, 0x000001ef11000000)
 Next Bits: [0x000001ef7cf50000, 0x000001ef7ef50000)

Polling page: 0x000001ef76590000

Metaspace:

Usage:
  Non-class:     71.33 MB capacity,    69.90 MB ( 98%) used,     1.20 MB (  2%) free+waste,   233.44 KB ( <1%) overhead. 
      Class:     11.11 MB capacity,    10.36 MB ( 93%) used,   662.38 KB (  6%) free+waste,   106.81 KB ( <1%) overhead. 
       Both:     82.44 MB capacity,    80.26 MB ( 97%) used,     1.85 MB (  2%) free+waste,   340.25 KB ( <1%) overhead. 

Virtual space:
  Non-class space:       72.00 MB reserved,      71.45 MB (>99%) committed 
      Class space:        1.00 GB reserved,      11.13 MB (  1%) committed 
             Both:        1.07 GB reserved,      82.57 MB (  8%) committed 

Chunk freelists:
   Non-Class:  56.00 KB
       Class:  0 bytes
        Both:  56.00 KB

MaxMetaspaceSize: 17179869184.00 GB
CompressedClassSpaceSize: 1.00 GB

CodeHeap 'non-profiled nmethods': size=120000Kb used=5047Kb max_used=5047Kb free=114952Kb
 bounds [0x000001ef07ad0000, 0x000001ef07fc0000, 0x000001ef0f000000]
CodeHeap 'profiled nmethods': size=120000Kb used=19264Kb max_used=19264Kb free=100735Kb
 bounds [0x000001ef005a0000, 0x000001ef01880000, 0x000001ef07ad0000]
CodeHeap 'non-nmethods': size=5760Kb used=2275Kb max_used=2335Kb free=3485Kb
 bounds [0x000001ef00000000, 0x000001ef00270000, 0x000001ef005a0000]
 total_blobs=9975 nmethods=9101 adapters=785
 compilation: enabled
              stopped_count=0, restarted_count=0
 full_count=0

Compilation events (20 events):
Event: 16.923 Thread 0x000001ef7fa47800 nmethod 9172 0x000001ef01854110 code [0x000001ef018542e0, 0x000001ef01854668]
Event: 16.924 Thread 0x000001ef7fa47800 9173       3       org.gradle.internal.component.model.ComponentAttributeMatcher$CachedQuery::equals (88 bytes)
Event: 16.925 Thread 0x000001ef7fa47800 nmethod 9173 0x000001ef01854790 code [0x000001ef018549a0, 0x000001ef01854fa8]
Event: 16.925 Thread 0x000001ef7fa47800 9174       3       org.gradle.api.internal.attributes.DefaultAttributesSchema$MergedSchema::equals (41 bytes)
Event: 16.925 Thread 0x000001ef7fa47800 nmethod 9174 0x000001ef01855110 code [0x000001ef018552e0, 0x000001ef018556c8]
Event: 16.925 Thread 0x000001ef7fa47800 9175       3       org.gradle.api.internal.artifacts.ivyservice.resolveengine.artifact.DefaultArtifactSet::asTransformed (40 bytes)
Event: 16.926 Thread 0x000001ef7fa47800 nmethod 9175 0x000001ef01855810 code [0x000001ef01855a00, 0x000001ef01855e38]
Event: 16.926 Thread 0x000001ef7fa47800 9177       3       org.gradle.internal.component.model.ComponentAttributeMatcher$CachedQuery::select (102 bytes)
Event: 16.926 Thread 0x000001ef7fa3f000 9178       4       org.gradle.api.internal.attributes.EmptySchema::compatibilityRules (5 bytes)
Event: 16.927 Thread 0x000001ef7fa3f000 nmethod 9178 0x000001ef07fb6990 code [0x000001ef07fb6b20, 0x000001ef07fb6b98]
Event: 16.927 Thread 0x000001ef7fa47800 nmethod 9177 0x000001ef01856010 code [0x000001ef018562c0, 0x000001ef01857148]
Event: 16.927 Thread 0x000001ef7fa47800 9176       3       org.gradle.internal.model.CalculatedValueContainerFactory::create (18 bytes)
Event: 16.927 Thread 0x000001ef7fa47800 nmethod 9176 0x000001ef01857690 code [0x000001ef01857860, 0x000001ef01857c08]
Event: 16.928 Thread 0x000001ef7fa47800 9179       3       com.google.common.collect.ImmutableList::contains (14 bytes)
Event: 16.928 Thread 0x000001ef7fa47800 nmethod 9179 0x000001ef01857d90 code [0x000001ef01857f40, 0x000001ef01858148]
Event: 16.928 Thread 0x000001ef7fa47800 9180       3       com.google.common.collect.ImmutableList::indexOf (14 bytes)
Event: 16.928 Thread 0x000001ef7fa47800 nmethod 9180 0x000001ef01858210 code [0x000001ef018583c0, 0x000001ef01858548]
Event: 16.929 Thread 0x000001ef7fa47800 9181       3       org.objectweb.asm.AnnotationWriter::computeAnnotationsSize (42 bytes)
Event: 16.929 Thread 0x000001ef7fa47800 nmethod 9181 0x000001ef01858610 code [0x000001ef018587e0, 0x000001ef01858a28]
Event: 16.930 Thread 0x000001ef7fa3f000 9182       4       com.google.common.collect.RegularImmutableMap$EntrySet$1::get (6 bytes)

GC Heap History (20 events):
Event: 4.462 GC heap before
{Heap before GC invocations=6 (full 0):
 garbage-first heap   total 126976K, used 30983K [0x0000000080000000, 0x0000000100000000)
  region size 1024K, 16 young (16384K), 5 survivors (5120K)
 Metaspace       used 35028K, capacity 35798K, committed 35840K, reserved 1081344K
  class space    used 4541K, capacity 4832K, committed 4864K, reserved 1048576K
}
Event: 4.469 GC heap after
{Heap after GC invocations=7 (full 0):
 garbage-first heap   total 126976K, used 22034K [0x0000000080000000, 0x0000000100000000)
  region size 1024K, 6 young (6144K), 6 survivors (6144K)
 Metaspace       used 35028K, capacity 35798K, committed 35840K, reserved 1081344K
  class space    used 4541K, capacity 4832K, committed 4864K, reserved 1048576K
}
Event: 4.997 GC heap before
{Heap before GC invocations=8 (full 0):
 garbage-first heap   total 126976K, used 76306K [0x0000000080000000, 0x0000000100000000)
  region size 1024K, 57 young (58368K), 6 survivors (6144K)
 Metaspace       used 38647K, capacity 39570K, committed 39936K, reserved 1083392K
  class space    used 4929K, capacity 5252K, committed 5376K, reserved 1048576K
}
Event: 5.004 GC heap after
{Heap after GC invocations=9 (full 0):
 garbage-first heap   total 126976K, used 26546K [0x0000000080000000, 0x0000000100000000)
  region size 1024K, 8 young (8192K), 8 survivors (8192K)
 Metaspace       used 38647K, capacity 39570K, committed 39936K, reserved 1083392K
  class space    used 4929K, capacity 5252K, committed 5376K, reserved 1048576K
}
Event: 5.621 GC heap before
{Heap before GC invocations=9 (full 0):
 garbage-first heap   total 126976K, used 80818K [0x0000000080000000, 0x0000000100000000)
  region size 1024K, 61 young (62464K), 8 survivors (8192K)
 Metaspace       used 43547K, capacity 44580K, committed 44672K, reserved 1087488K
  class space    used 5571K, capacity 5936K, committed 6016K, reserved 1048576K
}
Event: 5.628 GC heap after
{Heap after GC invocations=10 (full 0):
 garbage-first heap   total 152576K, used 28568K [0x0000000080000000, 0x0000000100000000)
  region size 1024K, 3 young (3072K), 3 survivors (3072K)
 Metaspace       used 43547K, capacity 44580K, committed 44672K, reserved 1087488K
  class space    used 5571K, capacity 5936K, committed 6016K, reserved 1048576K
}
Event: 6.774 GC heap before
{Heap before GC invocations=10 (full 0):
 garbage-first heap   total 152576K, used 102296K [0x0000000080000000, 0x0000000100000000)
  region size 1024K, 71 young (72704K), 3 survivors (3072K)
 Metaspace       used 47359K, capacity 48588K, committed 48768K, reserved 1091584K
  class space    used 6066K, capacity 6518K, committed 6528K, reserved 1048576K
}
Event: 6.780 GC heap after
{Heap after GC invocations=11 (full 0):
 garbage-first heap   total 152576K, used 40355K [0x0000000080000000, 0x0000000100000000)
  region size 1024K, 9 young (9216K), 9 survivors (9216K)
 Metaspace       used 47359K, capacity 48588K, committed 48768K, reserved 1091584K
  class space    used 6066K, capacity 6518K, committed 6528K, reserved 1048576K
}
Event: 7.846 GC heap before
{Heap before GC invocations=11 (full 0):
 garbage-first heap   total 152576K, used 104867K [0x0000000080000000, 0x0000000100000000)
  region size 1024K, 72 young (73728K), 9 survivors (9216K)
 Metaspace       used 56477K, capacity 57967K, committed 58112K, reserved 1099776K
  class space    used 7122K, capacity 7630K, committed 7680K, reserved 1048576K
}
Event: 7.856 GC heap after
{Heap after GC invocations=12 (full 0):
 garbage-first heap   total 152576K, used 43278K [0x0000000080000000, 0x0000000100000000)
  region size 1024K, 3 young (3072K), 3 survivors (3072K)
 Metaspace       used 56477K, capacity 57967K, committed 58112K, reserved 1099776K
  class space    used 7122K, capacity 7630K, committed 7680K, reserved 1048576K
}
Event: 8.063 GC heap before
{Heap before GC invocations=12 (full 0):
 garbage-first heap   total 152576K, used 54542K [0x0000000080000000, 0x0000000100000000)
  region size 1024K, 15 young (15360K), 3 survivors (3072K)
 Metaspace       used 58371K, capacity 59915K, committed 60160K, reserved 1101824K
  class space    used 7382K, capacity 7936K, committed 7936K, reserved 1048576K
}
Event: 8.069 GC heap after
{Heap after GC invocations=13 (full 0):
 garbage-first heap   total 152576K, used 43741K [0x0000000080000000, 0x0000000100000000)
  region size 1024K, 4 young (4096K), 4 survivors (4096K)
 Metaspace       used 58371K, capacity 59915K, committed 60160K, reserved 1101824K
  class space    used 7382K, capacity 7936K, committed 7936K, reserved 1048576K
}
Event: 8.877 GC heap before
{Heap before GC invocations=14 (full 0):
 garbage-first heap   total 152576K, used 98013K [0x0000000080000000, 0x0000000100000000)
  region size 1024K, 57 young (58368K), 4 survivors (4096K)
 Metaspace       used 63698K, capacity 65157K, committed 65356K, reserved 1105920K
  class space    used 8030K, capacity 8561K, committed 8576K, reserved 1048576K
}
Event: 8.885 GC heap after
{Heap after GC invocations=15 (full 0):
 garbage-first heap   total 152576K, used 48651K [0x0000000080000000, 0x0000000100000000)
  region size 1024K, 8 young (8192K), 8 survivors (8192K)
 Metaspace       used 63698K, capacity 65157K, committed 65356K, reserved 1105920K
  class space    used 8030K, capacity 8561K, committed 8576K, reserved 1048576K
}
Event: 9.885 GC heap before
{Heap before GC invocations=15 (full 0):
 garbage-first heap   total 152576K, used 102923K [0x0000000080000000, 0x0000000100000000)
  region size 1024K, 61 young (62464K), 8 survivors (8192K)
 Metaspace       used 68003K, capacity 69571K, committed 69708K, reserved 1110016K
  class space    used 8745K, capacity 9284K, committed 9344K, reserved 1048576K
}
Event: 9.894 GC heap after
{Heap after GC invocations=16 (full 0):
 garbage-first heap   total 152576K, used 52659K [0x0000000080000000, 0x0000000100000000)
  region size 1024K, 5 young (5120K), 5 survivors (5120K)
 Metaspace       used 68003K, capacity 69571K, committed 69708K, reserved 1110016K
  class space    used 8745K, capacity 9284K, committed 9344K, reserved 1048576K
}
Event: 11.865 GC heap before
{Heap before GC invocations=16 (full 0):
 garbage-first heap   total 152576K, used 106931K [0x0000000080000000, 0x0000000100000000)
  region size 1024K, 58 young (59392K), 5 survivors (5120K)
 Metaspace       used 72826K, capacity 74528K, committed 74828K, reserved 1114112K
  class space    used 9412K, capacity 10020K, committed 10112K, reserved 1048576K
}
Event: 11.879 GC heap after
{Heap after GC invocations=17 (full 0):
 garbage-first heap   total 183296K, used 56849K [0x0000000080000000, 0x0000000100000000)
  region size 1024K, 4 young (4096K), 4 survivors (4096K)
 Metaspace       used 72826K, capacity 74528K, committed 74828K, reserved 1114112K
  class space    used 9412K, capacity 10020K, committed 10112K, reserved 1048576K
}
Event: 14.295 GC heap before
{Heap before GC invocations=17 (full 0):
 garbage-first heap   total 183296K, used 122385K [0x0000000080000000, 0x0000000100000000)
  region size 1024K, 69 young (70656K), 4 survivors (4096K)
 Metaspace       used 80506K, capacity 82516K, committed 82636K, reserved 1120256K
  class space    used 10431K, capacity 11158K, committed 11264K, reserved 1048576K
}
Event: 14.307 GC heap after
{Heap after GC invocations=18 (full 0):
 garbage-first heap   total 183296K, used 62464K [0x0000000080000000, 0x0000000100000000)
  region size 1024K, 9 young (9216K), 9 survivors (9216K)
 Metaspace       used 80506K, capacity 82516K, committed 82636K, reserved 1120256K
  class space    used 10431K, capacity 11158K, committed 11264K, reserved 1048576K
}

Deoptimization events (20 events):
Event: 16.348 Thread 0x000001ef174f7800 DEOPT PACKING pc=0x000001ef013bc044 sp=0x000000d760efd340
Event: 16.348 Thread 0x000001ef174f7800 DEOPT UNPACKING pc=0x000001ef000276ce sp=0x000000d760efc8e0 mode 0
Event: 16.592 Thread 0x000001ef17fa9000 Uncommon trap: trap_request=0xffffff7e fr.pc=0x000001ef07fa1aa8 relative=0x0000000000000368
Event: 16.592 Thread 0x000001ef17fa9000 Uncommon trap: reason=predicate action=maybe_recompile pc=0x000001ef07fa1aa8 method=java.util.AbstractCollection.toArray([Ljava/lang/Object;)[Ljava/lang/Object; @ 43 c2
Event: 16.592 Thread 0x000001ef17fa9000 DEOPT PACKING pc=0x000001ef07fa1aa8 sp=0x000000d7622facd0
Event: 16.592 Thread 0x000001ef17fa9000 DEOPT UNPACKING pc=0x000001ef000278af sp=0x000000d7622fac88 mode 2
Event: 16.666 Thread 0x000001ef17fa9000 Uncommon trap: trap_request=0xffffff4d fr.pc=0x000001ef07f75514 relative=0x00000000000005f4
Event: 16.666 Thread 0x000001ef17fa9000 Uncommon trap: reason=unstable_if action=reinterpret pc=0x000001ef07f75514 method=org.gradle.internal.snapshot.VfsRelativePath.lengthOfCommonPrefix(Ljava/lang/String;Lorg/gradle/internal/snapshot/CaseSensitivity;)I @ 107 c2
Event: 16.666 Thread 0x000001ef17fa9000 DEOPT PACKING pc=0x000001ef07f75514 sp=0x000000d7622fc520
Event: 16.666 Thread 0x000001ef17fa9000 DEOPT UNPACKING pc=0x000001ef000278af sp=0x000000d7622fc4a8 mode 2
Event: 16.673 Thread 0x000001ef17fa9000 DEOPT PACKING pc=0x000001ef0137f032 sp=0x000000d7622fc270
Event: 16.673 Thread 0x000001ef17fa9000 DEOPT UNPACKING pc=0x000001ef000276ce sp=0x000000d7622fb7b8 mode 0
Event: 16.686 Thread 0x000001ef17fa9000 Uncommon trap: trap_request=0xffffff7e fr.pc=0x000001ef07f56bac relative=0x000000000000066c
Event: 16.686 Thread 0x000001ef17fa9000 Uncommon trap: reason=predicate action=maybe_recompile pc=0x000001ef07f56bac method=java.util.TimSort.binarySort([Ljava/lang/Object;IIILjava/util/Comparator;)V @ 34 c2
Event: 16.686 Thread 0x000001ef17fa9000 DEOPT PACKING pc=0x000001ef07f56bac sp=0x000000d7622fa350
Event: 16.686 Thread 0x000001ef17fa9000 DEOPT UNPACKING pc=0x000001ef000278af sp=0x000000d7622fa310 mode 2
Event: 16.689 Thread 0x000001ef17fa9000 DEOPT PACKING pc=0x000001ef00905fc9 sp=0x000000d7622f9ef0
Event: 16.689 Thread 0x000001ef17fa9000 DEOPT UNPACKING pc=0x000001ef000276ce sp=0x000000d7622f9368 mode 0
Event: 16.916 Thread 0x000001ef17fa9000 DEOPT PACKING pc=0x000001ef0177a976 sp=0x000000d7622fb3d0
Event: 16.916 Thread 0x000001ef17fa9000 DEOPT UNPACKING pc=0x000001ef000276ce sp=0x000000d7622fa8f0 mode 0

Classes redefined (0 events):
No events

Internal exceptions (20 events):
Event: 13.579 Thread 0x000001ef14ef8800 Exception <a 'java/lang/NoSuchMethodError'{0x0000000087fef520}: <clinit>> (0x0000000087fef520) thrown at [./src/hotspot/share/prims/jni.cpp, line 1362]
Event: 13.579 Thread 0x000001ef14ef8800 Exception <a 'java/lang/NoSuchMethodError'{0x0000000087ff0ca0}: <clinit>> (0x0000000087ff0ca0) thrown at [./src/hotspot/share/prims/jni.cpp, line 1362]
Event: 13.611 Thread 0x000001ef17fa0000 Exception <a 'java/lang/NoSuchMethodError'{0x0000000087daed38}: <clinit>> (0x0000000087daed38) thrown at [./src/hotspot/share/prims/jni.cpp, line 1362]
Event: 13.616 Thread 0x000001ef17fa0000 Exception <a 'java/lang/NoSuchMethodError'{0x0000000087dc3120}: <clinit>> (0x0000000087dc3120) thrown at [./src/hotspot/share/prims/jni.cpp, line 1362]
Event: 13.619 Thread 0x000001ef17fa0000 Exception <a 'java/lang/NoSuchMethodError'{0x0000000087c4ebe0}: <clinit>> (0x0000000087c4ebe0) thrown at [./src/hotspot/share/prims/jni.cpp, line 1362]
Event: 13.677 Thread 0x000001ef14ef8800 Exception <a 'java/lang/NoSuchMethodError'{0x0000000087aca7c8}: <clinit>> (0x0000000087aca7c8) thrown at [./src/hotspot/share/prims/jni.cpp, line 1362]
Event: 13.758 Thread 0x000001ef17fa9000 Exception <a 'java/lang/NoSuchMethodError'{0x00000000879ea310}: 'java.lang.Object java.lang.invoke.Invokers$Holder.linkToTargetMethod(java.lang.Object, java.lang.Object, java.lang.Object, int, java.lang.Object, java.lang.Object)'> (0x00000000879ea310) thrown at [./src/hotspot/share/interpreter/linkResolver.cpp, line 773]
Event: 13.789 Thread 0x000001ef17fa9000 Exception <a 'java/lang/IncompatibleClassChangeError'{0x000000008784a208}: Found class java.lang.Object, but interface was expected> (0x000000008784a208) thrown at [./src/hotspot/share/interpreter/linkResolver.cpp, line 839]
Event: 13.837 Thread 0x000001ef17fa9000 Exception <a 'java/lang/NoSuchMethodError'{0x0000000087617d50}: 'int java.lang.invoke.DirectMethodHandle$Holder.invokeStaticInit(java.lang.Object, java.lang.Object, java.lang.Object, java.lang.Object, java.lang.Object)'> (0x0000000087617d50) thrown at [./src/hotspot/share/interpreter/linkResolver.cpp, line 773]
Event: 14.527 Thread 0x000001ef174fe000 Exception <a 'java/lang/NoSuchMethodError'{0x000000008ae4ad98}: 'void java.lang.invoke.DirectMethodHandle$Holder.invokeVirtual(java.lang.Object, java.lang.Object)'> (0x000000008ae4ad98) thrown at [./src/hotspot/share/interpreter/linkResolver.cpp, line 773]
Event: 14.527 Thread 0x000001ef174f7800 Exception <a 'java/lang/NoSuchMethodError'{0x000000008ae63298}: 'void java.lang.invoke.DirectMethodHandle$Holder.invokeVirtual(java.lang.Object, java.lang.Object)'> (0x000000008ae63298) thrown at [./src/hotspot/share/interpreter/linkResolver.cpp, line 773]
Event: 14.552 Thread 0x000001ef174f9000 Exception <a 'java/lang/NoSuchMethodError'{0x000000008ad98628}: 'java.lang.Object java.lang.invoke.DirectMethodHandle$Holder.invokeSpecialIFC(java.lang.Object, java.lang.Object, java.lang.Object)'> (0x000000008ad98628) thrown at [./src/hotspot/share/interpreter/linkResolver.cpp, line 773]
Event: 14.552 Thread 0x000001ef174f7800 Exception <a 'java/lang/NoSuchMethodError'{0x000000008ae6fd50}: 'java.lang.Object java.lang.invoke.DirectMethodHandle$Holder.invokeSpecialIFC(java.lang.Object, java.lang.Object, java.lang.Object)'> (0x000000008ae6fd50) thrown at [./src/hotspot/share/interpreter/linkResolver.cpp, line 773]
Event: 14.552 Thread 0x000001ef174fb800 Exception <a 'java/lang/NoSuchMethodError'{0x000000008adc2f18}: 'java.lang.Object java.lang.invoke.DirectMethodHandle$Holder.invokeSpecialIFC(java.lang.Object, java.lang.Object, java.lang.Object)'> (0x000000008adc2f18) thrown at [./src/hotspot/share/interpreter/linkResolver.cpp, line 773]
Event: 14.553 Thread 0x000001ef174fe000 Exception <a 'java/lang/NoSuchMethodError'{0x000000008ae51590}: 'java.lang.Object java.lang.invoke.DirectMethodHandle$Holder.invokeSpecialIFC(java.lang.Object, java.lang.Object, java.lang.Object)'> (0x000000008ae51590) thrown at [./src/hotspot/share/interpreter/linkResolver.cpp, line 773]
Event: 16.685 Thread 0x000001ef17fa9000 Exception <a 'java/lang/NoSuchMethodError'{0x0000000087661d70}: <clinit>> (0x0000000087661d70) thrown at [./src/hotspot/share/prims/jni.cpp, line 1362]
Event: 16.686 Thread 0x000001ef17fa9000 Exception <a 'java/lang/NoSuchMethodError'{0x00000000876630a8}: <clinit>> (0x00000000876630a8) thrown at [./src/hotspot/share/prims/jni.cpp, line 1362]
Event: 16.686 Thread 0x000001ef17fa9000 Exception <a 'java/lang/NoSuchMethodError'{0x0000000087665808}: <clinit>> (0x0000000087665808) thrown at [./src/hotspot/share/prims/jni.cpp, line 1362]
Event: 16.688 Thread 0x000001ef17fa9000 Exception <a 'java/lang/NoSuchMethodError'{0x000000008767f000}: <clinit>> (0x000000008767f000) thrown at [./src/hotspot/share/prims/jni.cpp, line 1362]
Event: 16.689 Thread 0x000001ef17fa9000 Exception <a 'java/lang/NoSuchMethodError'{0x00000000876804e0}: <clinit>> (0x00000000876804e0) thrown at [./src/hotspot/share/prims/jni.cpp, line 1362]

Events (20 events):
Event: 16.909 loading class org/gradle/util/VersionNumber$DefaultScheme
Event: 16.909 loading class org/gradle/util/VersionNumber$DefaultScheme done
Event: 16.910 loading class org/gradle/util/VersionNumber$SchemeWithPatchVersion
Event: 16.910 loading class org/gradle/util/VersionNumber$SchemeWithPatchVersion done
Event: 16.910 loading class org/gradle/util/VersionNumber$AbstractScheme$Scanner
Event: 16.910 loading class org/gradle/util/VersionNumber$AbstractScheme$Scanner done
Event: 16.911 loading class org/gradle/jvm/toolchain/internal/DefaultToolchainJavaCompiler
Event: 16.911 loading class org/gradle/jvm/toolchain/internal/DefaultToolchainJavaCompiler done
Event: 16.919 loading class org/gradle/api/internal/artifacts/transform/ImmutableConsumerVariantMatchResult
Event: 16.919 loading class org/gradle/api/internal/artifacts/transform/ImmutableConsumerVariantMatchResult done
Event: 16.921 loading class org/gradle/internal/Pair
Event: 16.921 loading class org/gradle/internal/Pair done
Event: 16.921 loading class org/gradle/internal/Pair
Event: 16.921 loading class org/gradle/internal/Pair done
Event: 16.922 loading class org/gradle/api/internal/attributes/AttributeContainerInternal
Event: 16.922 loading class org/gradle/api/internal/attributes/AttributeContainerInternal done
Event: 16.922 loading class org/gradle/internal/Pair
Event: 16.922 loading class org/gradle/internal/Pair done
Event: 16.922 loading class org/gradle/api/internal/attributes/AttributeContainerInternal
Event: 16.922 loading class org/gradle/api/internal/attributes/AttributeContainerInternal done


Dynamic libraries:
0x00007ff69b620000 - 0x00007ff69b62a000 	C:\Program Files\Android\Android Studio\jre\bin\java.exe
0x00007ffc20bd0000 - 0x00007ffc20dc5000 	C:\WINDOWS\SYSTEM32\ntdll.dll
0x00007ffc1f750000 - 0x00007ffc1f80e000 	C:\WINDOWS\System32\KERNEL32.DLL
0x00007ffc1e3f0000 - 0x00007ffc1e6b9000 	C:\WINDOWS\System32\KERNELBASE.dll
0x00007ffc1e2f0000 - 0x00007ffc1e3f0000 	C:\WINDOWS\System32\ucrtbase.dll
0x00007ffc188d0000 - 0x00007ffc188e9000 	C:\Program Files\Android\Android Studio\jre\bin\jli.dll
0x00007ffc188b0000 - 0x00007ffc188c7000 	C:\Program Files\Android\Android Studio\jre\bin\VCRUNTIME140.dll
0x00007ffc1fe20000 - 0x00007ffc1ffc1000 	C:\WINDOWS\System32\USER32.dll
0x00007ffc08a00000 - 0x00007ffc08c9a000 	C:\WINDOWS\WinSxS\amd64_microsoft.windows.common-controls_6595b64144ccf1df_6.0.19041.1110_none_60b5254171f9507e\COMCTL32.dll
0x00007ffc1e8d0000 - 0x00007ffc1e8f2000 	C:\WINDOWS\System32\win32u.dll
0x00007ffc1ede0000 - 0x00007ffc1ee7e000 	C:\WINDOWS\System32\msvcrt.dll
0x00007ffc1fac0000 - 0x00007ffc1faeb000 	C:\WINDOWS\System32\GDI32.dll
0x00007ffc1e900000 - 0x00007ffc1ea0b000 	C:\WINDOWS\System32\gdi32full.dll
0x00007ffc1ea10000 - 0x00007ffc1eaad000 	C:\WINDOWS\System32\msvcp_win.dll
0x00007ffc1f150000 - 0x00007ffc1f180000 	C:\WINDOWS\System32\IMM32.DLL
0x00007ffbf01b0000 - 0x00007ffbf024d000 	C:\Program Files\Android\Android Studio\jre\bin\msvcp140.dll
0x00007ffbb8380000 - 0x00007ffbb8e4f000 	C:\Program Files\Android\Android Studio\jre\bin\server\jvm.dll
0x00007ffc1ef50000 - 0x00007ffc1effc000 	C:\WINDOWS\System32\ADVAPI32.dll
0x00007ffc1f4e0000 - 0x00007ffc1f57b000 	C:\WINDOWS\System32\sechost.dll
0x00007ffc1f000000 - 0x00007ffc1f12a000 	C:\WINDOWS\System32\RPCRT4.dll
0x00007ffc1eee0000 - 0x00007ffc1eee8000 	C:\WINDOWS\System32\PSAPI.DLL
0x00007ffc16cd0000 - 0x00007ffc16cd9000 	C:\WINDOWS\SYSTEM32\WSOCK32.dll
0x00007ffc03b80000 - 0x00007ffc03ba7000 	C:\WINDOWS\SYSTEM32\WINMM.dll
0x00007ffc12480000 - 0x00007ffc1248a000 	C:\WINDOWS\SYSTEM32\VERSION.dll
0x00007ffc1fdb0000 - 0x00007ffc1fe1b000 	C:\WINDOWS\System32\WS2_32.dll
0x00007ffc1cb70000 - 0x00007ffc1cb82000 	C:\WINDOWS\SYSTEM32\kernel.appcore.dll
0x00007ffc15a20000 - 0x00007ffc15a31000 	C:\Program Files\Android\Android Studio\jre\bin\verify.dll
0x00007ffc16ce0000 - 0x00007ffc16ec4000 	C:\WINDOWS\SYSTEM32\DBGHELP.DLL
0x00007ffc03b40000 - 0x00007ffc03b6c000 	C:\WINDOWS\SYSTEM32\dbgcore.DLL
0x00007ffc1eb90000 - 0x00007ffc1ec13000 	C:\WINDOWS\System32\bcryptPrimitives.dll
0x00007ffc05c00000 - 0x00007ffc05c29000 	C:\Program Files\Android\Android Studio\jre\bin\java.dll
0x00007ffc16a50000 - 0x00007ffc16a5b000 	C:\Program Files\Android\Android Studio\jre\bin\jimage.dll
0x00007ffc12f60000 - 0x00007ffc12f78000 	C:\Program Files\Android\Android Studio\jre\bin\zip.dll
0x00007ffc1ffd0000 - 0x00007ffc2070f000 	C:\WINDOWS\System32\SHELL32.dll
0x00007ffc19290000 - 0x00007ffc19a20000 	C:\WINDOWS\SYSTEM32\windows.storage.dll
0x00007ffc1f180000 - 0x00007ffc1f4d5000 	C:\WINDOWS\System32\combase.dll
0x00007ffc1dd40000 - 0x00007ffc1dd6c000 	C:\WINDOWS\SYSTEM32\Wldp.dll
0x00007ffc1fd00000 - 0x00007ffc1fdae000 	C:\WINDOWS\System32\SHCORE.dll
0x00007ffc1eef0000 - 0x00007ffc1ef45000 	C:\WINDOWS\System32\shlwapi.dll
0x00007ffc1e230000 - 0x00007ffc1e24f000 	C:\WINDOWS\SYSTEM32\profapi.dll
0x00007ffc07520000 - 0x00007ffc0753a000 	C:\Program Files\Android\Android Studio\jre\bin\net.dll
0x00007ffc15850000 - 0x00007ffc15958000 	C:\WINDOWS\SYSTEM32\WINHTTP.dll
0x00007ffc1daa0000 - 0x00007ffc1db0a000 	C:\WINDOWS\system32\mswsock.dll
0x00007ffc05cf0000 - 0x00007ffc05d04000 	C:\Program Files\Android\Android Studio\jre\bin\nio.dll
0x00007ffbfc660000 - 0x00007ffbfc687000 	C:\Users\fijes\.gradle\native\8bec1ad78214c89d9ad589b4d07fe93259594b29d510b10fafb7a158f7737e5d\windows-amd64\native-platform.dll
0x00007ffbe44b0000 - 0x00007ffbe45ed000 	C:\Users\fijes\.gradle\native\53dbd7edfb1c66fb8903c78663c9afc45aea4f116125fa6feffd364cf09443e8\windows-amd64\native-platform-file-events.dll
0x00007ffc167c0000 - 0x00007ffc167ca000 	C:\Program Files\Android\Android Studio\jre\bin\management.dll
0x00007ffc16790000 - 0x00007ffc1679c000 	C:\Program Files\Android\Android Studio\jre\bin\management_ext.dll
0x00007ffc1dc90000 - 0x00007ffc1dca8000 	C:\WINDOWS\SYSTEM32\CRYPTSP.dll
0x00007ffc1d3a0000 - 0x00007ffc1d3d4000 	C:\WINDOWS\system32\rsaenh.dll
0x00007ffc1eab0000 - 0x00007ffc1ead7000 	C:\WINDOWS\System32\bcrypt.dll
0x00007ffc1e1b0000 - 0x00007ffc1e1de000 	C:\WINDOWS\SYSTEM32\USERENV.dll
0x00007ffc1dcb0000 - 0x00007ffc1dcbc000 	C:\WINDOWS\SYSTEM32\CRYPTBASE.dll
0x00007ffc1d740000 - 0x00007ffc1d77b000 	C:\WINDOWS\SYSTEM32\IPHLPAPI.DLL
0x00007ffc1edd0000 - 0x00007ffc1edd8000 	C:\WINDOWS\System32\NSI.dll
0x00007ffc11590000 - 0x00007ffc115a7000 	C:\WINDOWS\SYSTEM32\dhcpcsvc6.DLL
0x00007ffc121c0000 - 0x00007ffc121dd000 	C:\WINDOWS\SYSTEM32\dhcpcsvc.DLL
0x00007ffc1d790000 - 0x00007ffc1d85c000 	C:\WINDOWS\SYSTEM32\DNSAPI.dll

dbghelp: loaded successfully - version: 4.0.5 - missing functions: none
symbol engine: initialized successfully - sym options: 0x614 - pdb path: .;C:\Program Files\Android\Android Studio\jre\bin;C:\WINDOWS\SYSTEM32;C:\WINDOWS\WinSxS\amd64_microsoft.windows.common-controls_6595b64144ccf1df_6.0.19041.1110_none_60b5254171f9507e;C:\Program Files\Android\Android Studio\jre\bin\server;C:\Users\fijes\.gradle\native\8bec1ad78214c89d9ad589b4d07fe93259594b29d510b10fafb7a158f7737e5d\windows-amd64;C:\Users\fijes\.gradle\native\53dbd7edfb1c66fb8903c78663c9afc45aea4f116125fa6feffd364cf09443e8\windows-amd64

VM Arguments:
jvm_args: --add-opens=java.base/java.util=ALL-UNNAMED --add-opens=java.base/java.lang=ALL-UNNAMED --add-opens=java.base/java.lang.invoke=ALL-UNNAMED --add-opens=java.base/java.util=ALL-UNNAMED --add-opens=java.prefs/java.util.prefs=ALL-UNNAMED --add-opens=java.prefs/java.util.prefs=ALL-UNNAMED --add-opens=java.base/java.nio.charset=ALL-UNNAMED --add-opens=java.base/java.net=ALL-UNNAMED --add-opens=java.base/java.util.concurrent.atomic=ALL-UNNAMED -Xmx2048m -Dfile.encoding=UTF-8 -Duser.country=US -Duser.language=en -Duser.variant 
java_command: org.gradle.launcher.daemon.bootstrap.GradleDaemon 7.0.2
java_class_path (initial): C:\Users\fijes\.gradle\wrapper\dists\gradle-7.0.2-bin\857tjihv64xamwrf0h14cai3r\gradle-7.0.2\lib\gradle-launcher-7.0.2.jar
Launcher Type: SUN_STANDARD

[Global flags]
     intx CICompilerCount                          = 4                                         {product} {ergonomic}
     uint ConcGCThreads                            = 2                                         {product} {ergonomic}
     uint G1ConcRefinementThreads                  = 8                                         {product} {ergonomic}
   size_t G1HeapRegionSize                         = 1048576                                   {product} {ergonomic}
    uintx GCDrainStackTargetSize                   = 64                                        {product} {ergonomic}
   size_t InitialHeapSize                          = 130023424                                 {product} {ergonomic}
   size_t MarkStackSize                            = 4194304                                   {product} {ergonomic}
   size_t MaxHeapSize                              = 2147483648                                {product} {command line}
   size_t MaxNewSize                               = 1287651328                                {product} {ergonomic}
   size_t MinHeapDeltaBytes                        = 1048576                                   {product} {ergonomic}
    uintx NonNMethodCodeHeapSize                   = 5836300                                {pd product} {ergonomic}
    uintx NonProfiledCodeHeapSize                  = 122910970                              {pd product} {ergonomic}
    uintx ProfiledCodeHeapSize                     = 122910970                              {pd product} {ergonomic}
    uintx ReservedCodeCacheSize                    = 251658240                              {pd product} {ergonomic}
     bool SegmentedCodeCache                       = true                                      {product} {ergonomic}
     bool UseCompressedClassPointers               = true                                 {lp64_product} {ergonomic}
     bool UseCompressedOops                        = true                                 {lp64_product} {ergonomic}
     bool UseG1GC                                  = true                                      {product} {ergonomic}
     bool UseLargePagesIndividualAllocation        = false                                  {pd product} {ergonomic}

Logging:
Log output configuration:
 #0: stdout all=warning uptime,level,tags
 #1: stderr all=off uptime,level,tags

Environment Variables:
PATH=C:\WINDOWS\system32;C:\WINDOWS;C:\WINDOWS\System32\Wbem;C:\WINDOWS\System32\WindowsPowerShell\v1.0\;C:\WINDOWS\System32\OpenSSH\;C:\Program Files\Git\cmd;C:\Users\fijes\AppData\Local\Microsoft\WindowsApps;
USERNAME=fijes
OS=Windows_NT
PROCESSOR_IDENTIFIER=Intel64 Family 6 Model 142 Stepping 12, GenuineIntel



---------------  S Y S T E M  ---------------

OS: Windows 10 , 64 bit Build 19041 (10.0.19041.1202)
OS uptime: 4 days 13:38 hours

CPU:total 8 (initial active 8) (4 cores per cpu, 2 threads per core) family 6 model 142 stepping 12 microcode 0xca, cmov, cx8, fxsr, mmx, sse, sse2, sse3, ssse3, sse4.1, sse4.2, popcnt, avx, avx2, aes, clmul, erms, 3dnowpref, lzcnt, ht, tsc, tscinvbit, bmi1, bmi2, adx, fma

Memory: 4k page, system-wide physical 7913M (153M free)
TotalPageFile size 32489M (AvailPageFile size 64M)
current process WorkingSet (physical memory assigned to process): 255M, peak: 345M
current process commit charge ("private bytes"): 450M, peak: 456M

vm_info: OpenJDK 64-Bit Server VM (11.0.10+0-b96-7249189) for windows-amd64 JRE (11.0.10+0-b96-7249189), built on Mar 31 2021 21:44:00 by "builder" with MS VC++ 14.0 (VS2015)

END.
